<?xml version="1.0" encoding="UTF-8"?>
<testng-results skipped="0" failed="0" ignored="0" total="1" passed="1">
  <reporter-output>
  </reporter-output>
  <suite name="Default suite" duration-ms="3155" started-at="2020-07-27T14:55:41Z" finished-at="2020-07-27T14:55:45Z">
    <groups>
    </groups>
    <test name="Default test" duration-ms="3155" started-at="2020-07-27T14:55:41Z" finished-at="2020-07-27T14:55:45Z">
      <class name="RestAssuredProjectAPITesting.src.test.java.API001_Get_Request">
        <test-method status="PASS" signature="getweatherDetails()[pri:0, instance:RestAssuredProjectAPITesting.src.test.java.API001_Get_Request@1bce4f0a]" name="getweatherDetails" duration-ms="3108" started-at="2020-07-27T14:55:41Z" finished-at="2020-07-27T14:55:45Z">
          <reporter-output>
          </reporter-output>
        </test-method> <!-- getweatherDetails -->
      </class> <!-- RestAssuredProjectAPITesting.src.test.java.API001_Get_Request -->
    </test> <!-- Default test -->
  </suite> <!-- Default suite -->
</testng-results>
